#
# There is insufficient memory for the Java Runtime Environment to continue.
# Native memory allocation (mmap) failed to map 134217728 bytes for G1 virtual space
# Possible reasons:
#   The system is out of physical RAM or swap space
#   The process is running with CompressedOops enabled, and the Java Heap may be blocking the growth of the native heap
# Possible solutions:
#   Reduce memory load on the system
#   Increase physical memory or swap space
#   Check if swap backing store is full
#   Decrease Java heap size (-Xmx/-Xms)
#   Decrease number of Java threads
#   Decrease Java thread stack sizes (-Xss)
#   Set larger code cache with -XX:ReservedCodeCacheSize=
#   JVM is running with Unscaled Compressed Oops mode in which the Java heap is
#     placed in the first 4GB address space. The Java Heap base address is the
#     maximum limit for the native heap growth. Please use -XX:HeapBaseMinAddress
#     to set the Java Heap base and to place the Java Heap above 4GB virtual address.
# This output file may be truncated or incomplete.
#
#  Out of Memory Error (os_windows.cpp:3769), pid=8064, tid=5048
#
# JRE version:  (17.0.6+10) (build )
# Java VM: OpenJDK 64-Bit Server VM (17.0.6+10-b829.5, mixed mode, sharing, tiered, compressed oops, compressed class ptrs, g1 gc, windows-amd64)
# No core dump will be written. Minidumps are not enabled by default on client versions of Windows
#

---------------  S U M M A R Y ------------

Command Line: git4idea.http.GitAskPassApp Username for 'https://github.com': 

Host: Intel(R) Core(TM) i5-3210M CPU @ 2.50GHz, 4 cores, 7G,  Windows 11 , 64 bit Build 22621 (10.0.22621.608)
Time: Sat May  6 17:49:40 2023 RTZ 2 (s 11 , 64 bit Build 22621 (10.0.22621.608) elapsed time: 0.047657 seconds (0d 0h 0m 0s)

---------------  T H R E A D  ---------------

Current thread (0x000002af9e109f40):  JavaThread "Unknown thread" [_thread_in_vm, id=5048, stack(0x000000f2b3800000,0x000000f2b3900000)]

Stack: [0x000000f2b3800000,0x000000f2b3900000]
Native frames: (J=compiled Java code, j=interpreted, Vv=VM code, C=native code)
V  [jvm.dll+0x683b4a]
V  [jvm.dll+0x842654]
V  [jvm.dll+0x843dfe]
V  [jvm.dll+0x844463]
V  [jvm.dll+0x249b75]
V  [jvm.dll+0x680a19]
V  [jvm.dll+0x674f0a]
V  [jvm.dll+0x309acb]
V  [jvm.dll+0x310f86]
V  [jvm.dll+0x3608ee]
V  [jvm.dll+0x360b1f]
V  [jvm.dll+0x2dfbf8]
V  [jvm.dll+0x2e0b64]
V  [jvm.dll+0x813f41]
V  [jvm.dll+0x36e6a1]
V  [jvm.dll+0x7f347c]
V  [jvm.dll+0x3f0e8f]
V  [jvm.dll+0x3f29d1]
C  [jli.dll+0x526b]
C  [ucrtbase.dll+0x29363]
C  [KERNEL32.DLL+0x1244d]
C  [ntdll.dll+0x5df78]


---------------  P R O C E S S  ---------------

Threads class SMR info:
_java_thread_list=0x00007ffdde46c058, length=0, elements={
}

Java Threads: ( => current thread )

Other Threads:
  0x000002af9e162ef0 GCTaskThread "GC Thread#0" [stack: 0x000000f2b3900000,0x000000f2b3a00000] [id=9864]
  0x000002af9e174420 ConcurrentGCThread "G1 Main Marker" [stack: 0x000000f2b3a00000,0x000000f2b3b00000] [id=2740]
  0x000002af9e1755d0 ConcurrentGCThread "G1 Conc#0" [stack: 0x000000f2b3b00000,0x000000f2b3c00000] [id=8868]

[error occurred during error reporting (printing all threads), id 0xc0000005, EXCEPTION_ACCESS_VIOLATION (0xc0000005) at pc=0x00007ffdddc20797]

VM state: not at safepoint (not fully initialized)

VM Mutex/Monitor currently owned by a thread:  ([mutex/lock_event])
[0x000002af9e104df0] Heap_lock - owner thread: 0x000002af9e109f40

Heap address: 0x0000000080c00000, size: 2036 MB, Compressed Oops mode: 32-bit

CDS archive(s) mapped at: [0x0000000000000000-0x0000000000000000-0x0000000000000000), size 0, SharedBaseAddress: 0x0000000800000000, ArchiveRelocationMode: 0.
Narrow klass base: 0x0000000000000000, Narrow klass shift: 0, Narrow klass range: 0x0

GC Precious Log:
<Empty>

Heap:
 garbage-first heap   total 0K, used 0K [0x0000000080c00000, 0x0000000100000000)
  region size 1024K, 0 young (0K), 0 survivors (0K)

[error occurred during error reporting (printing heap information), id 0xc0000005, EXCEPTION_ACCESS_VIOLATION (0xc0000005) at pc=0x00007ffdde00d939]

GC Heap History (0 events):
No events

Dll operation events (1 events):
Event: 0.016 Loaded shared library D:\Program Files\PyCharm Community Edition 2023.1\jbr\bin\java.dll

Deoptimization events (0 events):
No events

Classes unloaded (0 events):
No events

Classes redefined (0 events):
No events

Internal exceptions (0 events):
No events

VM Operations (0 events):
No events

Events (0 events):
No events


Dynamic libraries:
0x00007ff675ce0000 - 0x00007ff675cea000 	D:\Program Files\PyCharm Community Edition 2023.1\jbr\bin\java.exe
0x00007ffe200f0000 - 0x00007ffe20304000 	C:\windows\SYSTEM32\ntdll.dll
0x00007ffe1ebf0000 - 0x00007ffe1ecb2000 	C:\windows\System32\KERNEL32.DLL
0x00007ffe1d560000 - 0x00007ffe1d8fc000 	C:\windows\System32\KERNELBASE.dll
0x00007ffe1dbb0000 - 0x00007ffe1dcc1000 	C:\windows\System32\ucrtbase.dll
0x00007ffe091f0000 - 0x00007ffe09207000 	D:\Program Files\PyCharm Community Edition 2023.1\jbr\bin\jli.dll
0x00007ffe1f2f0000 - 0x00007ffe1f49a000 	C:\windows\System32\USER32.dll
0x00007ffe1df00000 - 0x00007ffe1df26000 	C:\windows\System32\win32u.dll
0x00007ffe1e750000 - 0x00007ffe1e779000 	C:\windows\System32\GDI32.dll
0x00007ffe1dcd0000 - 0x00007ffe1dde2000 	C:\windows\System32\gdi32full.dll
0x00007ffe1de60000 - 0x00007ffe1defa000 	C:\windows\System32\msvcp_win.dll
0x00007ffe0aaa0000 - 0x00007ffe0ad2e000 	C:\windows\WinSxS\amd64_microsoft.windows.common-controls_6595b64144ccf1df_6.0.22621.608_none_a9444ca7c10bb01d\COMCTL32.dll
0x00007ffe1fe80000 - 0x00007ffe1ff27000 	C:\windows\System32\msvcrt.dll
0x00007ffe08bb0000 - 0x00007ffe08bcb000 	D:\Program Files\PyCharm Community Edition 2023.1\jbr\bin\VCRUNTIME140.dll
0x00007ffe1ea50000 - 0x00007ffe1ea81000 	C:\windows\System32\IMM32.DLL
0x000000006dee0000 - 0x000000006deec000 	C:\Program Files (x86)\360\Total Security\safemon\SafeWrapper.dll
0x00007ffe1f570000 - 0x00007ffe1f61e000 	C:\windows\System32\ADVAPI32.dll
0x00007ffe1f4c0000 - 0x00007ffe1f564000 	C:\windows\System32\sechost.dll
0x00007ffe1df30000 - 0x00007ffe1e045000 	C:\windows\System32\RPCRT4.dll
0x00007ffe09820000 - 0x00007ffe098b2000 	C:\Program Files (x86)\360\Total Security\safemon\libzdtp64.dll
0x00007ffe1f6a0000 - 0x00007ffe1fe7e000 	C:\windows\System32\SHELL32.dll
0x00007ffe1eb90000 - 0x00007ffe1ebee000 	C:\windows\System32\SHLWAPI.dll
0x00007ffe1cff0000 - 0x00007ffe1cffa000 	C:\windows\SYSTEM32\VERSION.dll
0x00007ffe0bf20000 - 0x00007ffe0bf2c000 	D:\Program Files\PyCharm Community Edition 2023.1\jbr\bin\vcruntime140_1.dll
0x00007ffde7f20000 - 0x00007ffde7fad000 	D:\Program Files\PyCharm Community Edition 2023.1\jbr\bin\msvcp140.dll
0x00007ffddd930000 - 0x00007ffdde59d000 	D:\Program Files\PyCharm Community Edition 2023.1\jbr\bin\server\jvm.dll
0x00007ffe16a80000 - 0x00007ffe16ab4000 	C:\windows\SYSTEM32\WINMM.dll
0x00007ffe17b60000 - 0x00007ffe17b69000 	C:\windows\SYSTEM32\WSOCK32.dll
0x00007ffe1e780000 - 0x00007ffe1e7f1000 	C:\windows\System32\WS2_32.dll
0x00007ffe1c5e0000 - 0x00007ffe1c5f8000 	C:\windows\SYSTEM32\kernel.appcore.dll
0x00007ffe0c6f0000 - 0x00007ffe0c6fa000 	D:\Program Files\PyCharm Community Edition 2023.1\jbr\bin\jimage.dll
0x00007ffde7c70000 - 0x00007ffde7e9e000 	C:\windows\SYSTEM32\DBGHELP.DLL
0x00007ffe1ecc0000 - 0x00007ffe1f049000 	C:\windows\System32\combase.dll
0x00007ffe1e5e0000 - 0x00007ffe1e6b7000 	C:\windows\System32\OLEAUT32.dll
0x00007ffe0a9c0000 - 0x00007ffe0a9f2000 	C:\windows\SYSTEM32\dbgcore.DLL
0x00007ffe1d900000 - 0x00007ffe1d97b000 	C:\windows\System32\bcryptPrimitives.dll
0x00007ffe0be20000 - 0x00007ffe0be45000 	D:\Program Files\PyCharm Community Edition 2023.1\jbr\bin\java.dll

dbghelp: loaded successfully - version: 4.0.5 - missing functions: none
symbol engine: initialized successfully - sym options: 0x614 - pdb path: .;D:\Program Files\PyCharm Community Edition 2023.1\jbr\bin;C:\windows\SYSTEM32;C:\windows\WinSxS\amd64_microsoft.windows.common-controls_6595b64144ccf1df_6.0.22621.608_none_a9444ca7c10bb01d;C:\Program Files (x86)\360\Total Security\safemon;D:\Program Files\PyCharm Community Edition 2023.1\jbr\bin\server

VM Arguments:
java_command: git4idea.http.GitAskPassApp Username for 'https://github.com': 
java_class_path (initial): D:/Program Files/PyCharm Community Edition 2023.1/plugins/vcs-git/lib/git4idea-rt.jar;D:/Program Files/PyCharm Community Edition 2023.1/lib/externalProcess-rt.jar
Launcher Type: SUN_STANDARD

[Global flags]
     intx CICompilerCount                          = 3                                         {product} {ergonomic}
     uint ConcGCThreads                            = 1                                         {product} {ergonomic}
     uint G1ConcRefinementThreads                  = 4                                         {product} {ergonomic}
   size_t G1HeapRegionSize                         = 1048576                                   {product} {ergonomic}
    uintx GCDrainStackTargetSize                   = 64                                        {product} {ergonomic}
   size_t InitialHeapSize                          = 134217728                                 {product} {ergonomic}
   size_t MarkStackSize                            = 4194304                                   {product} {ergonomic}
   size_t MaxHeapSize                              = 2134900736                                {product} {ergonomic}
   size_t MinHeapDeltaBytes                        = 1048576                                   {product} {ergonomic}
   size_t MinHeapSize                              = 8388608                                   {product} {ergonomic}
    uintx NonNMethodCodeHeapSize                   = 5832780                                {pd product} {ergonomic}
    uintx NonProfiledCodeHeapSize                  = 122912730                              {pd product} {ergonomic}
    uintx ProfiledCodeHeapSize                     = 122912730                              {pd product} {ergonomic}
    uintx ReservedCodeCacheSize                    = 251658240                              {pd product} {ergonomic}
     bool SegmentedCodeCache                       = true                                      {product} {ergonomic}
   size_t SoftMaxHeapSize                          = 2134900736                             {manageable} {ergonomic}
     bool UseCompressedClassPointers               = true                           {product lp64_product} {ergonomic}
     bool UseCompressedOops                        = true                           {product lp64_product} {ergonomic}
     bool UseG1GC                                  = true                                      {product} {ergonomic}
     bool UseLargePagesIndividualAllocation        = false                                  {pd product} {ergonomic}

Logging:
Log output configuration:
 #0: stdout all=warning uptime,level,tags
 #1: stderr all=off uptime,level,tags

Environment Variables:
JAVA_HOME=C:\Program Files\Java\jre1.8.0_351
PATH=D:/Program Files/Git/mingw64/libexec/git-core;D:/Program Files/Git/mingw64/libexec/git-core;D:\Program Files\Git\mingw64\bin;D:\Program Files\Git\usr\bin;C:\Users\¿Ú∏Ï\bin;D:\piton\venv\Scripts;C:\Program Files\Common Files\Oracle\Java\javapath;C:\Program Files (x86)\Common Files\Oracle\Java\javapath;C:\windows\system32;C:\windows;C:\windows\System32\Wbem;C:\windows\System32\WindowsPowerShell\v1.0\;C:\Program Files (x86)\NVIDIA Corporation\PhysX\Common;C:\Program Files\NVIDIA Corporation\NVIDIA NvDLISR;C:\Program Files\Java\jre1.8.0_351\bin;D:\Program Files\Git\cmd;C:\Users\–ê—Ä—Ç—ë–º\AppData\Local\Microsoft\WindowsApps
USERNAME=¿Ú∏Ï
DISPLAY=:0.0
LC_ALL=en_US.UTF-8
TERM=xterm-256color
TMPDIR=C:\Users\12C2~1\AppData\Local\Temp
OS=Windows_NT
PROCESSOR_IDENTIFIER=Intel64 Family 6 Model 58 Stepping 9, GenuineIntel
TMP=C:\Users\12C2~1\AppData\Local\Temp
TEMP=C:\Users\12C2~1\AppData\Local\Temp



---------------  S Y S T E M  ---------------

OS:
 Windows 11 , 64 bit Build 22621 (10.0.22621.608)
OS uptime: 0 days 7:27 hours

CPU: total 4 (initial active 4) (2 cores per cpu, 2 threads per core) family 6 model 58 stepping 9 microcode 0x21, cx8, cmov, fxsr, ht, mmx, sse, sse2, sse3, ssse3, sse4.1, sse4.2, popcnt, tsc, tscinvbit, avx, aes, erms, clmul, vzeroupper, clflush

Memory: 4k page, system-wide physical 8142M (1270M free)
TotalPageFile size 15215M (AvailPageFile size 43M)
current process WorkingSet (physical memory assigned to process): 11M, peak: 11M
current process commit charge ("private bytes"): 52M, peak: 180M

vm_info: OpenJDK 64-Bit Server VM (17.0.6+10-b829.5) for windows-amd64 JRE (17.0.6+10-b829.5), built on 2023-02-24 by "builduser" with MS VC++ 16.10 / 16.11 (VS2019)

END.
